<?xml version="1.0" encoding="UTF-8"?>
<testng-results skipped="1" failed="0" total="1" passed="0">
  <reporter-output>
  </reporter-output>
  <suite name="Suite" duration-ms="176" started-at="2019-08-12T06:36:12Z" finished-at="2019-08-12T06:36:12Z">
    <groups>
    </groups>
    <test name="Test" duration-ms="176" started-at="2019-08-12T06:36:12Z" finished-at="2019-08-12T06:36:12Z">
      <class name="com.leaftaps.testcase.CreateLead">
        <test-method status="PASS" signature="setFileName()[pri:0, instance:com.leaftaps.testcase.CreateLead@5594a1b5]" name="setFileName" is-config="true" duration-ms="8" started-at="2019-08-12T12:06:12Z" finished-at="2019-08-12T12:06:12Z">
          <reporter-output>
          </reporter-output>
        </test-method> <!-- setFileName -->
        <test-method status="SKIP" signature="runCreateLead(java.lang.String, java.lang.String, java.lang.String)[pri:0, instance:com.leaftaps.testcase.CreateLead@5594a1b5]" name="runCreateLead" duration-ms="0" started-at="2019-08-12T12:06:12Z" data-provider="fetchdata" finished-at="2019-08-12T12:06:12Z">
          <exception class="java.lang.RuntimeException">
            <message>
              <![CDATA[org.apache.poi.openxml4j.exceptions.InvalidOperationException: Can't open the specified file input stream from file: '.\data\CreateLead.xlsx']]>
            </message>
            <full-stacktrace>
              <![CDATA[java.lang.RuntimeException: org.apache.poi.openxml4j.exceptions.InvalidOperationException: Can't open the specified file input stream from file: '.\data\CreateLead.xlsx'
	at org.testng.internal.MethodInvocationHelper.invokeDataProvider(MethodInvocationHelper.java:163)
	at org.testng.internal.Parameters.handleParameters(Parameters.java:430)
	at org.testng.internal.Invoker.handleParameters(Invoker.java:1276)
	at org.testng.internal.Invoker.createParameters(Invoker.java:991)
	at org.testng.internal.Invoker.invokeTestMethods(Invoker.java:1081)
	at org.testng.internal.TestMethodWorker.invokeTestMethods(TestMethodWorker.java:129)
	at org.testng.internal.TestMethodWorker.run(TestMethodWorker.java:112)
	at org.testng.TestRunner.privateRun(TestRunner.java:782)
	at org.testng.TestRunner.run(TestRunner.java:632)
	at org.testng.SuiteRunner.runTest(SuiteRunner.java:366)
	at org.testng.SuiteRunner.runSequentially(SuiteRunner.java:361)
	at org.testng.SuiteRunner.privateRun(SuiteRunner.java:319)
	at org.testng.SuiteRunner.run(SuiteRunner.java:268)
	at org.testng.SuiteRunnerWorker.runSuite(SuiteRunnerWorker.java:52)
	at org.testng.SuiteRunnerWorker.run(SuiteRunnerWorker.java:86)
	at org.testng.TestNG.runSuitesSequentially(TestNG.java:1244)
	at org.testng.TestNG.runSuitesLocally(TestNG.java:1169)
	at org.testng.TestNG.run(TestNG.java:1064)
	at org.testng.remote.RemoteTestNG.run(RemoteTestNG.java:113)
	at org.testng.remote.RemoteTestNG.initAndRun(RemoteTestNG.java:206)
	at org.testng.remote.RemoteTestNG.main(RemoteTestNG.java:177)
Caused by: org.apache.poi.openxml4j.exceptions.InvalidOperationException: Can't open the specified file input stream from file: '.\data\CreateLead.xlsx'
	at org.apache.poi.openxml4j.opc.ZipPackage.openZipEntrySourceStream(ZipPackage.java:166)
	at org.apache.poi.openxml4j.opc.ZipPackage.<init>(ZipPackage.java:153)
	at org.apache.poi.openxml4j.opc.ZipPackage.<init>(ZipPackage.java:123)
	at org.apache.poi.openxml4j.opc.OPCPackage.open(OPCPackage.java:233)
	at org.apache.poi.openxml4j.opc.OPCPackage.open(OPCPackage.java:166)
	at org.apache.poi.ooxml.POIXMLDocument.openPackage(POIXMLDocument.java:89)
	at org.apache.poi.xssf.usermodel.XSSFWorkbook.<init>(XSSFWorkbook.java:336)
	at com.leaftaps.utility.ExcelUtil.exceldata(ExcelUtil.java:14)
	at com.leaftaps.base.ProjectSpecificMethods.runExceldata(ProjectSpecificMethods.java:23)
	at sun.reflect.NativeMethodAccessorImpl.invoke0(Native Method)
	at sun.reflect.NativeMethodAccessorImpl.invoke(Unknown Source)
	at sun.reflect.DelegatingMethodAccessorImpl.invoke(Unknown Source)
	at java.lang.reflect.Method.invoke(Unknown Source)
	at org.testng.internal.MethodInvocationHelper.invokeMethod(MethodInvocationHelper.java:86)
	at org.testng.internal.MethodInvocationHelper.invokeDataProvider(MethodInvocationHelper.java:137)
	... 20 more
Caused by: java.io.FileNotFoundException: .\data\CreateLead.xlsx (The system cannot find the path specified)
	at java.io.FileInputStream.open0(Native Method)
	at java.io.FileInputStream.open(Unknown Source)
	at java.io.FileInputStream.<init>(Unknown Source)
	at org.apache.poi.openxml4j.opc.ZipPackage.openZipEntrySourceStream(ZipPackage.java:163)
	... 34 more
]]>
            </full-stacktrace>
          </exception> <!-- java.lang.RuntimeException -->
          <reporter-output>
          </reporter-output>
        </test-method> <!-- runCreateLead -->
      </class> <!-- com.leaftaps.testcase.CreateLead -->
    </test> <!-- Test -->
  </suite> <!-- Suite -->
</testng-results>
